Performing C SOURCE FILE Test CMAKE_HAVE_LIBC_PTHREAD failed with the following output:
Change Dir: E:/Clion Projects/DeliveryBot/cmake-build-debug/CMakeFiles/CMakeScratch/TryCompile-mc6f4e

Run Build Command(s):C:/Users/Bogdan/AppData/Local/JetBrains/Toolbox/apps/CLion/ch-0/231.8109.174/bin/ninja/win/x64/ninja.exe cmTC_79f87 && [1/2] Building C object CMakeFiles\cmTC_79f87.dir\src.c.obj
FAILED: CMakeFiles/cmTC_79f87.dir/src.c.obj 
E:\Programs\MS_VS\VC\Tools\MSVC\14.35.32215\bin\Hostx64\x64\cl.exe  /nologo -DCMAKE_HAVE_LIBC_PTHREAD  /DWIN32 /D_WINDOWS  /Zi /Ob0 /Od /RTC1 -MDd /showIncludes /FoCMakeFiles\cmTC_79f87.dir\src.c.obj /FdCMakeFiles\cmTC_79f87.dir\ /FS -c "E:\Clion Projects\DeliveryBot\cmake-build-debug\CMakeFiles\CMakeScratch\TryCompile-mc6f4e\src.c"
E:\Clion Projects\DeliveryBot\cmake-build-debug\CMakeFiles\CMakeScratch\TryCompile-mc6f4e\src.c(1): fatal error C1083: Не удается открыть файл включение: pthread.h: No such file or directory,
ninja: build stopped: subcommand failed.


Source file was:
#include <pthread.h>

static void* test_func(void* data)
{
  return data;
}

int main(void)
{
  pthread_t thread;
  pthread_create(&thread, NULL, test_func, NULL);
  pthread_detach(thread);
  pthread_cancel(thread);
  pthread_join(thread, NULL);
  pthread_atfork(NULL, NULL, NULL);
  pthread_exit(NULL);

  return 0;
}


Determining if the function pthread_create exists in the pthreads failed with the following output:
Change Dir: E:/Clion Projects/DeliveryBot/cmake-build-debug/CMakeFiles/CMakeScratch/TryCompile-siwiah

Run Build Command(s):C:/Users/Bogdan/AppData/Local/JetBrains/Toolbox/apps/CLion/ch-0/231.8109.174/bin/ninja/win/x64/ninja.exe cmTC_7014e && [1/2] Building C object CMakeFiles\cmTC_7014e.dir\CheckFunctionExists.c.obj
[2/2] Linking C executable cmTC_7014e.exe
FAILED: cmTC_7014e.exe 
cmd.exe /C "cd . && C:\Users\Bogdan\AppData\Local\JetBrains\Toolbox\apps\CLion\ch-0\231.8109.174\bin\cmake\win\x64\bin\cmake.exe -E vs_link_exe --intdir=CMakeFiles\cmTC_7014e.dir --rc=C:\PROGRA~2\WI3CF2~1\10\bin\100220~1.0\x64\rc.exe --mt=C:\PROGRA~2\WI3CF2~1\10\bin\100220~1.0\x64\mt.exe --manifests  -- E:\Programs\MS_VS\VC\Tools\MSVC\14.35.32215\bin\Hostx64\x64\link.exe /nologo CMakeFiles\cmTC_7014e.dir\CheckFunctionExists.c.obj  /out:cmTC_7014e.exe /implib:cmTC_7014e.lib /pdb:cmTC_7014e.pdb /version:0.0 /machine:x64  /debug /INCREMENTAL /subsystem:console  pthreads.lib  kernel32.lib user32.lib gdi32.lib winspool.lib shell32.lib ole32.lib oleaut32.lib uuid.lib comdlg32.lib advapi32.lib && cmd.exe /C "cd /D "E:\Clion Projects\DeliveryBot\cmake-build-debug\CMakeFiles\CMakeScratch\TryCompile-siwiah" && C:\Windows\System32\WindowsPowerShell\v1.0\powershell.exe -noprofile -executionpolicy Bypass -file C:/Users/Bogdan/.clion-vcpkg/vcpkg/scripts/buildsystems/msbuild/applocal.ps1 -targetBinary "E:/Clion Projects/DeliveryBot/cmake-build-debug/CMakeFiles/CMakeScratch/TryCompile-siwiah/cmTC_7014e.exe" -installedDir C:/Users/Bogdan/.clion-vcpkg/vcpkg/installed/x64-windows/debug/bin -OutVariable out""
LINK Pass 1: command "E:\Programs\MS_VS\VC\Tools\MSVC\14.35.32215\bin\Hostx64\x64\link.exe /nologo CMakeFiles\cmTC_7014e.dir\CheckFunctionExists.c.obj /out:cmTC_7014e.exe /implib:cmTC_7014e.lib /pdb:cmTC_7014e.pdb /version:0.0 /machine:x64 /debug /INCREMENTAL /subsystem:console pthreads.lib kernel32.lib user32.lib gdi32.lib winspool.lib shell32.lib ole32.lib oleaut32.lib uuid.lib comdlg32.lib advapi32.lib /MANIFEST /MANIFESTFILE:CMakeFiles\cmTC_7014e.dir/intermediate.manifest CMakeFiles\cmTC_7014e.dir/manifest.res" failed (exit code 1104) with the following output:
LINK : fatal error LNK1104: не удается открыть файл "pthreads.lib"
ninja: build stopped: subcommand failed.



Determining if the function pthread_create exists in the pthread failed with the following output:
Change Dir: E:/Clion Projects/DeliveryBot/cmake-build-debug/CMakeFiles/CMakeScratch/TryCompile-z4bn63

Run Build Command(s):C:/Users/Bogdan/AppData/Local/JetBrains/Toolbox/apps/CLion/ch-0/231.8109.174/bin/ninja/win/x64/ninja.exe cmTC_97dc4 && [1/2] Building C object CMakeFiles\cmTC_97dc4.dir\CheckFunctionExists.c.obj
[2/2] Linking C executable cmTC_97dc4.exe
FAILED: cmTC_97dc4.exe 
cmd.exe /C "cd . && C:\Users\Bogdan\AppData\Local\JetBrains\Toolbox\apps\CLion\ch-0\231.8109.174\bin\cmake\win\x64\bin\cmake.exe -E vs_link_exe --intdir=CMakeFiles\cmTC_97dc4.dir --rc=C:\PROGRA~2\WI3CF2~1\10\bin\100220~1.0\x64\rc.exe --mt=C:\PROGRA~2\WI3CF2~1\10\bin\100220~1.0\x64\mt.exe --manifests  -- E:\Programs\MS_VS\VC\Tools\MSVC\14.35.32215\bin\Hostx64\x64\link.exe /nologo CMakeFiles\cmTC_97dc4.dir\CheckFunctionExists.c.obj  /out:cmTC_97dc4.exe /implib:cmTC_97dc4.lib /pdb:cmTC_97dc4.pdb /version:0.0 /machine:x64  /debug /INCREMENTAL /subsystem:console  pthread.lib  kernel32.lib user32.lib gdi32.lib winspool.lib shell32.lib ole32.lib oleaut32.lib uuid.lib comdlg32.lib advapi32.lib && cmd.exe /C "cd /D "E:\Clion Projects\DeliveryBot\cmake-build-debug\CMakeFiles\CMakeScratch\TryCompile-z4bn63" && C:\Windows\System32\WindowsPowerShell\v1.0\powershell.exe -noprofile -executionpolicy Bypass -file C:/Users/Bogdan/.clion-vcpkg/vcpkg/scripts/buildsystems/msbuild/applocal.ps1 -targetBinary "E:/Clion Projects/DeliveryBot/cmake-build-debug/CMakeFiles/CMakeScratch/TryCompile-z4bn63/cmTC_97dc4.exe" -installedDir C:/Users/Bogdan/.clion-vcpkg/vcpkg/installed/x64-windows/debug/bin -OutVariable out""
LINK Pass 1: command "E:\Programs\MS_VS\VC\Tools\MSVC\14.35.32215\bin\Hostx64\x64\link.exe /nologo CMakeFiles\cmTC_97dc4.dir\CheckFunctionExists.c.obj /out:cmTC_97dc4.exe /implib:cmTC_97dc4.lib /pdb:cmTC_97dc4.pdb /version:0.0 /machine:x64 /debug /INCREMENTAL /subsystem:console pthread.lib kernel32.lib user32.lib gdi32.lib winspool.lib shell32.lib ole32.lib oleaut32.lib uuid.lib comdlg32.lib advapi32.lib /MANIFEST /MANIFESTFILE:CMakeFiles\cmTC_97dc4.dir/intermediate.manifest CMakeFiles\cmTC_97dc4.dir/manifest.res" failed (exit code 1104) with the following output:
LINK : fatal error LNK1104: не удается открыть файл "pthread.lib"
ninja: build stopped: subcommand failed.



